2017-11-20T12:48:20.630+0800 I CONTROL  [main] Trying to start Windows service 'MongoDB'
2017-11-20T12:48:20.632+0800 I CONTROL  [initandlisten] MongoDB starting : pid=4176 port=27017 dbpath=E:\Bawei\9-Node\Blog-m\db 64-bit host=iRocÿº’≈
2017-11-20T12:48:20.632+0800 I CONTROL  [initandlisten] targetMinOS: Windows 7/Windows Server 2008 R2
2017-11-20T12:48:20.632+0800 I CONTROL  [initandlisten] db version v3.4.9
2017-11-20T12:48:20.632+0800 I CONTROL  [initandlisten] git version: 876ebee8c7dd0e2d992f36a848ff4dc50ee6603e
2017-11-20T12:48:20.633+0800 I CONTROL  [initandlisten] OpenSSL version: OpenSSL 1.0.1u-fips  22 Sep 2016
2017-11-20T12:48:20.633+0800 I CONTROL  [initandlisten] allocator: tcmalloc
2017-11-20T12:48:20.633+0800 I CONTROL  [initandlisten] modules: none
2017-11-20T12:48:20.645+0800 I CONTROL  [initandlisten] build environment:
2017-11-20T12:48:20.645+0800 I CONTROL  [initandlisten]     distmod: 2008plus-ssl
2017-11-20T12:48:20.645+0800 I CONTROL  [initandlisten]     distarch: x86_64
2017-11-20T12:48:20.645+0800 I CONTROL  [initandlisten]     target_arch: x86_64
2017-11-20T12:48:20.646+0800 I CONTROL  [initandlisten] options: { config: "E:\Bawei\9-Node\Blog-m\db\mongo.config", service: true, storage: { dbPath: "E:\Bawei\9-Node\Blog-m\db", journal: { enabled: true } }, systemLog: { destination: "file", path: "E:\Bawei\9-Node\Blog-m\db\logs\mongodb.log" } }
2017-11-20T12:48:20.789+0800 I -        [initandlisten] Detected data files in E:\Bawei\9-Node\Blog-m\db created by the 'wiredTiger' storage engine, so setting the active storage engine to 'wiredTiger'.
2017-11-20T12:48:20.796+0800 I STORAGE  [initandlisten] wiredtiger_open config: create,cache_size=3525M,session_max=20000,eviction=(threads_min=4,threads_max=4),config_base=false,statistics=(fast),log=(enabled=true,archive=true,path=journal,compressor=snappy),file_manager=(close_idle_time=100000),checkpoint=(wait=60,log_size=2GB),statistics_log=(wait=0),
2017-11-20T12:48:23.908+0800 I CONTROL  [initandlisten] 
2017-11-20T12:48:23.908+0800 I CONTROL  [initandlisten] ** WARNING: Access control is not enabled for the database.
2017-11-20T12:48:23.908+0800 I CONTROL  [initandlisten] **          Read and write access to data and configuration is unrestricted.
2017-11-20T12:48:23.908+0800 I CONTROL  [initandlisten] 
2017-11-20T12:48:24.605+0800 I FTDC     [initandlisten] Initializing full-time diagnostic data capture with directory 'E:/Bawei/9-Node/Blog-m/db/diagnostic.data'
2017-11-20T12:48:24.606+0800 I STORAGE  [initandlisten] Service running
2017-11-20T12:48:24.606+0800 I NETWORK  [thread1] waiting for connections on port 27017
2017-11-20T21:02:59.469+0800 I CONTROL  [serviceShutdown] got SERVICE_CONTROL_PRESHUTDOWN request from Windows Service Control Manager, will terminate after current cmd ends
2017-11-20T21:02:59.471+0800 I NETWORK  [serviceShutdown] shutdown: going to close listening sockets...
2017-11-20T21:02:59.473+0800 I NETWORK  [serviceShutdown] closing listening socket: 560
2017-11-20T21:02:59.473+0800 I NETWORK  [serviceShutdown] shutdown: going to flush diaglog...
2017-11-20T21:02:59.474+0800 I FTDC     [serviceShutdown] Shutting down full-time diagnostic data capture
2017-11-20T21:02:59.479+0800 I STORAGE  [serviceShutdown] WiredTigerKVEngine shutting down
2017-11-20T21:02:59.885+0800 I STORAGE  [serviceShutdown] shutdown: removing fs lock...
2017-11-20T21:02:59.885+0800 I CONTROL  [serviceShutdown] now exiting
